<?xml version="1.0" encoding="UTF-8"?>
<!-- Generated by org.testng.reporters.JUnitXMLReporter -->
<testsuite hostname="DESKTOP-5FMECEQ" ignored="0" name="Test" tests="3" failures="0" timestamp="20 Dec 2022 00:57:33 GMT" time="26.288" errors="0">
  <testcase name="CountItems" time="1.387" classname="testcases.testCaseOne"/>
  <testcase name="GetTitle" time="1.097" classname="testcases.testCaseOne"/>
  <testcase name="login" time="1.255" classname="testcases.testCaseOne"/>
</testsuite> <!-- Test -->
